# JRE version: Java(TM) SE Runtime Environment (8.0_111-b14) (build 1.8.0_111-b14)
# Java VM: Java HotSpot(TM) Client VM (25.111-b14 mixed mode windows-x86 )
Heap:
 def new generation   total 24960K, used 11343K [0x06c00000, 0x08710000, 0x116a0000)
  eden space 22208K,  51% used [0x06c00000, 0x07713f18, 0x081b0000)
  from space 2752K,   0% used [0x081b0000, 0x081b0000, 0x08460000)
  to   space 2752K,   0% used [0x08460000, 0x08460000, 0x08710000)
 tenured generation   total 55212K, used 33125K [0x116a0000, 0x14c8b000, 0x26c00000)
   the space 55212K,  59% used [0x116a0000, 0x136f9668, 0x136f9800, 0x14c8b000)
 Metaspace       used 25536K, capacity 26473K, committed 26496K, reserved 27008K
GC Heap History (10 events):
Event: 5.945 GC heap before
{Heap before GC invocations=109 (full 6):
 def new generation   total 17728K, used 15808K [0x06c00000, 0x07f30000, 0x116a0000)
  eden space 15808K, 100% used [0x06c00000, 0x07b70000, 0x07b70000)
  from space 1920K,   0% used [0x07b70000, 0x07b70000, 0x07d50000)
  to   space 1920K,   0% used [0x07d50000, 0x07d50000, 0x07f30000)
 tenured generation   total 39072K, used 23441K [0x116a0000, 0x13cc8000, 0x26c00000)
   the space 39072K,  59% used [0x116a0000, 0x12d84738, 0x12d84800, 0x13cc8000)
 Metaspace       used 22482K, capacity 23313K, committed 23424K, reserved 23936K
Event: 5.953 GC heap after
Heap after GC invocations=110 (full 6):
 def new generation   total 17728K, used 1743K [0x06c00000, 0x07f30000, 0x116a0000)
  eden space 15808K,   0% used [0x06c00000, 0x06c00000, 0x07b70000)
  from space 1920K,  90% used [0x07d50000, 0x07f03eb8, 0x07f30000)
  to   space 1920K,   0% used [0x07b70000, 0x07b70000, 0x07d50000)
 tenured generation   total 39072K, used 23441K [0x116a0000, 0x13cc8000, 0x26c00000)
   the space 39072K,  59% used [0x116a0000, 0x12d84738, 0x12d84800, 0x13cc8000)
 Metaspace       used 22482K, capacity 23313K, committed 23424K, reserved 23936K
}
Event: 7.069 GC heap before
{Heap before GC invocations=110 (full 6):
 def new generation   total 17728K, used 17524K [0x06c00000, 0x07f30000, 0x116a0000)
  eden space 15808K,  99% used [0x06c00000, 0x07b69288, 0x07b70000)
  from space 1920K,  90% used [0x07d50000, 0x07f03eb8, 0x07f30000)
  to   space 1920K,   0% used [0x07b70000, 0x07b70000, 0x07d50000)
 tenured generation   total 39072K, used 23441K [0x116a0000, 0x13cc8000, 0x26c00000)
   the space 39072K,  59% used [0x116a0000, 0x12d84738, 0x12d84800, 0x13cc8000)
 Metaspace       used 22776K, capacity 23628K, committed 23680K, reserved 23936K
Event: 7.080 GC heap after
Heap after GC invocations=111 (full 6):
 def new generation   total 17728K, used 1641K [0x06c00000, 0x07f30000, 0x116a0000)
  eden space 15808K,   0% used [0x06c00000, 0x06c00000, 0x07b70000)
  from space 1920K,  85% used [0x07b70000, 0x07d0a6d8, 0x07d50000)
  to   space 1920K,   0% used [0x07d50000, 0x07d50000, 0x07f30000)
 tenured generation   total 39072K, used 25170K [0x116a0000, 0x13cc8000, 0x26c00000)
   the space 39072K,  64% used [0x116a0000, 0x12f34bf8, 0x12f34c00, 0x13cc8000)
 Metaspace       used 22776K, capacity 23628K, committed 23680K, reserved 23936K
}
Event: 7.280 GC heap before
{Heap before GC invocations=111 (full 6):
 def new generation   total 17728K, used 17449K [0x06c00000, 0x07f30000, 0x116a0000)
  eden space 15808K, 100% used [0x06c00000, 0x07b70000, 0x07b70000)
  from space 1920K,  85% used [0x07b70000, 0x07d0a6d8, 0x07d50000)
  to   space 1920K,   0% used [0x07d50000, 0x07d50000, 0x07f30000)
 tenured generation   total 39072K, used 25170K [0x116a0000, 0x13cc8000, 0x26c00000)
   the space 39072K,  64% used [0x116a0000, 0x12f34bf8, 0x12f34c00, 0x13cc8000)
 Metaspace       used 24717K, capacity 25580K, committed 25600K, reserved 25984K
Event: 7.288 GC heap after
Heap after GC invocations=112 (full 6):
 def new generation   total 17728K, used 1008K [0x06c00000, 0x07f30000, 0x116a0000)
  eden space 15808K,   0% used [0x06c00000, 0x06c00000, 0x07b70000)
  from space 1920K,  52% used [0x07d50000, 0x07e4c2e8, 0x07f30000)
  to   space 1920K,   0% used [0x07b70000, 0x07b70000, 0x07d50000)
 tenured generation   total 39072K, used 26717K [0x116a0000, 0x13cc8000, 0x26c00000)
   the space 39072K,  68% used [0x116a0000, 0x130b7778, 0x130b7800, 0x13cc8000)
 Metaspace       used 24717K, capacity 25580K, committed 25600K, reserved 25984K
}
Event: 7.485 GC heap before
{Heap before GC invocations=112 (full 6):
 def new generation   total 17728K, used 16816K [0x06c00000, 0x07f30000, 0x116a0000)
  eden space 15808K, 100% used [0x06c00000, 0x07b70000, 0x07b70000)
  from space 1920K,  52% used [0x07d50000, 0x07e4c2e8, 0x07f30000)
  to   space 1920K,   0% used [0x07b70000, 0x07b70000, 0x07d50000)
 tenured generation   total 39072K, used 26717K [0x116a0000, 0x13cc8000, 0x26c00000)
   the space 39072K,  68% used [0x116a0000, 0x130b7778, 0x130b7800, 0x13cc8000)
 Metaspace       used 25088K, capacity 25964K, committed 25984K, reserved 25984K
Event: 7.504 GC heap after
Heap after GC invocations=113 (full 6):
 def new generation   total 17728K, used 1920K [0x06c00000, 0x07f30000, 0x116a0000)
  eden space 15808K,   0% used [0x06c00000, 0x06c00000, 0x07b70000)
  from space 1920K, 100% used [0x07b70000, 0x07d50000, 0x07d50000)
  to   space 1920K,   0% used [0x07d50000, 0x07d50000, 0x07f30000)
 tenured generation   total 39072K, used 31391K [0x116a0000, 0x13cc8000, 0x26c00000)
   the space 39072K,  80% used [0x116a0000, 0x13547de0, 0x13547e00, 0x13cc8000)
 Metaspace       used 25088K, capacity 25964K, committed 25984K, reserved 25984K
}
Event: 7.699 GC heap before
{Heap before GC invocations=113 (full 6):
 def new generation   total 17728K, used 7335K [0x06c00000, 0x07f30000, 0x116a0000)
  eden space 15808K,  34% used [0x06c00000, 0x07149ea0, 0x07b70000)
  from space 1920K, 100% used [0x07b70000, 0x07d50000, 0x07d50000)
  to   space 1920K,   0% used [0x07d50000, 0x07d50000, 0x07f30000)
 tenured generation   total 39072K, used 31391K [0x116a0000, 0x13cc8000, 0x26c00000)
   the space 39072K,  80% used [0x116a0000, 0x13547de0, 0x13547e00, 0x13cc8000)
 Metaspace       used 25386K, capacity 26270K, committed 26368K, reserved 27008K
Event: 7.799 GC heap after
Heap after GC invocations=114 (full 7):
 def new generation   total 24960K, used 0K [0x06c00000, 0x08710000, 0x116a0000)
  eden space 22208K,   0% used [0x06c00000, 0x06c00000, 0x081b0000)
  from space 2752K,   0% used [0x081b0000, 0x081b0000, 0x08460000)
  to   space 2752K,   0% used [0x08460000, 0x08460000, 0x08710000)
 tenured generation   total 55212K, used 33125K [0x116a0000, 0x14c8b000, 0x26c00000)
   the space 55212K,  59% used [0x116a0000, 0x136f9668, 0x136f9800, 0x14c8b000)
 Metaspace       used 25386K, capacity 26270K, committed 26368K, reserved 27008K
}

